20230213	11:21:58	6decca0c-dcbf-4249-b99f-234a819f731a	GET	/word/getAllWords	undefined
20230213	11:22:15	05fbd533-3130-4ff2-bed3-b1f39f962855	GET	/word	undefined
20230213	11:23:50	7f7ce94f-5a44-449e-beac-08b75ddc4eaf	POST	/word	undefined
20230213	11:25:06	73df9641-0c72-478c-a56d-daf4bd516d52	POST	/word	undefined
20230213	11:29:46	64f79939-e34b-47e3-b0e7-63ef7da25b5b	POST	/word	undefined
20230213	22:15:36	98a5218a-b34c-42da-8944-f6596b81b111	POST	/language	undefined
20230213	22:16:03	699e665b-1397-4f85-ad17-4616762ec330	POST	/language	undefined
20230213	22:22:49	dfff273b-10dc-46c2-9611-7da655a3e2c9	POST	/language	undefined
20230213	22:23:28	c9defda2-c278-4b77-b66d-06f81c4031fa	POST	/language	undefined
20230213	22:24:46	91c0a493-d161-41fe-8cac-844a8acd7bd3	POST	/language	undefined
20230213	22:25:58	2d2bca78-2e14-432e-bb2d-e977f0f14a6d	POST	/language	undefined
20230213	22:26:47	6076c6a7-c4d5-412b-be8e-b91c2a8b6266	POST	/language	undefined
20230213	22:27:36	b0118cbe-0ded-42d8-bf22-8e807db0a975	POST	/language	undefined
20230213	22:27:42	44e58619-b0b5-4afb-a58e-4341a6a4cfc0	GET	/language	undefined
20230213	22:28:21	91e5d227-3608-44d6-9cfe-75417f28a639	GET	/language	undefined
20230213	22:28:56	e558289f-e074-43f7-87d8-45551e8a9326	GET	/word	undefined
20230213	22:31:01	5d0b6d1f-c12f-4cc5-84a9-6b4da90a040d	GET	/word	undefined
20230213	22:31:10	2612af39-deff-4786-a6ee-0429dafa1f0f	GET	/language	undefined
20230213	22:32:35	5710fe04-2db4-4110-b9ce-41075fdadfb6	POST	/word	undefined
20230213	22:34:40	42b06a64-19c8-42cc-95b8-3dfbf5378664	GET	/word	undefined
20230213	22:35:41	9e53a158-fc41-41a1-9915-6d54e6fdd678	POST	/word	undefined
20230213	22:37:08	2fb584af-8c01-4d8e-8876-0acd94d591ed	GET	/word/:id	undefined
20230213	22:37:24	68b12d87-f300-4d2b-ac60-31ee4543541e	PATCH	/word/:id	undefined
20230213	22:37:36	2207dc6c-9b37-463a-af5f-f0908ae8032c	DELETE	/word/:id	undefined
20230301	15:06:43	8cc46b8e-4998-4af4-9e0c-d7774d88a9af	POST	/word	undefined
20230301	15:07:11	0ba5bde7-d57e-4076-84d5-45a2dcc961a1	POST	/word	undefined
20230301	15:07:50	20134980-f5a8-4018-a288-7f10154d0117	GET	/word	undefined
20230301	15:08:09	c69976cb-60d8-4640-b05b-616b66f5ef61	GET	/word/63ea6d2c192918d486d55e42	undefined
20230301	15:09:04	5ad95d5f-e640-4e04-a1a9-cc258879830b	GET	/word/63ea6d2c192918d486d55e42	undefined
20230301	15:09:16	b2102125-d206-45b5-94d5-999c68ed918f	GET	/word	undefined
20230301	15:09:23	66380be3-fc2f-4bc3-81da-dde1c9fc2aca	GET	/word/63ff1cc7c46d37568feebcfe	undefined
20230301	15:09:31	b1e4d972-84d2-4974-8550-8b794a6f9b54	GET	/word/	undefined
20230301	15:09:39	ea510d99-6f9c-41b8-855d-3b93f4a15675	GET	/word/63ea6de5192918d486d55e46	undefined
20230301	15:10:00	8f5d3fd8-dce3-4ef1-a22f-883e5b3ff77d	PATCH	/word/63ea6de5192918d486d55e46	undefined
20230301	15:10:06	e6003095-fcf6-42bb-9720-1c77479f3971	PATCH	/word/63ea6de5192918d486d55e46	undefined
20230301	16:29:07	be2b1766-c533-4a0f-9719-b5042485d0ae	GET	/language	undefined
20230301	16:30:09	1cc7f78b-cb26-4973-9497-c15a9e5edbc1	POST	/language	undefined
20230301	16:30:45	b95c1a6d-61ec-438f-bb06-40ae513a4f8d	GET	/language	undefined
20230301	16:30:54	e6c76a5c-7090-4e66-9a43-2fcf44d2094c	GET	/word/:63ff3039858f3479d3ffb1ec	undefined
20230301	16:30:59	dd4773ae-a251-4e86-81cf-cda46e0138d2	GET	/word/63ff3039858f3479d3ffb1ec	undefined
20230301	16:31:11	792d560a-0552-4b37-ada3-beb4e44898a3	GET	/language/63ff3039858f3479d3ffb1ec	undefined
20230301	16:31:54	a75d173e-a6d0-469d-be04-7c642bf8e729	GET	/language/63ff3039858f3479d3ffb1ec	undefined
20230301	16:32:21	efcc7464-4aab-45cc-a2dc-46816083a2e9	GET	/language/63ff3039858f3479d3ffb1ec	undefined
20230301	16:33:51	d877dee5-ebfc-45e8-bc28-b609172a7d53	PATCH	/language/63ff3039858f3479d3ffb1ec	undefined
20230301	16:52:53	d61666c9-d090-43be-9fd2-3e13c8a20438	DELETE	/language/63ff3039858f3479d3ffb1ec	undefined
20230301	16:57:43	f34629e2-f408-4e50-9e4e-d78e7941a626	DELETE	/language/63ff3039858f3479d3ffb1ec	undefined
20230301	16:57:58	b600f203-831f-4066-9ae9-d630c04956c6	DELETE	/language/63ff3039858f3479d3ffb1ec/words	undefined
20230301	17:44:24	c162641f-77da-49ed-8cb1-d7a1fc931698	DELETE	/language/63ff3039858f3479d3ffb1ec/words	undefined
20230301	17:45:01	632ddab5-c0a4-46d9-b605-afe3ebeae5f3	DELETE	/language/63ff3039858f3479d3ffb1ec/words	undefined
20230301	18:00:36	e9816ee1-be90-49c5-9a0c-4bccafaecb08	DELETE	/language/63ff3039858f3479d3ffb1ec/words	undefined
20230301	22:32:02	a76580d3-f1ba-457a-8652-6f4018397298	GET	/word	undefined
20230301	22:32:16	2614abf2-8fd3-46fa-9e3e-4a39ccaef26a	DELETE	/language/63ea6c00b5486b53ba9f588a/words	undefined
20230301	22:32:40	3013a916-eba4-490e-94b4-2e7c2277822a	GET	/word	undefined
20230301	22:32:50	b87a20a3-1833-47a7-abb0-b2ef3ca8c5a7	POST	/word	undefined
20230301	22:33:10	a0dda9ac-4deb-486a-b7d3-9516aa3852a8	POST	/word	undefined
20230301	22:33:38	d3730b66-4238-4fbb-9d6d-c9f65b3083a5	POST	/word	undefined
20230301	22:34:02	f40c272a-7860-410f-bd6e-cb42c11e6b3e	GET	/word	undefined
20230301	22:34:13	5e067501-6f61-42ad-aa12-da96368d52be	GET	/word/63ff854e544a1797ef62f92a	undefined
20230301	22:34:23	6978ac3c-47b6-4316-b22e-2f31ea9d1935	PATCH	/word/63ff854e544a1797ef62f92a	undefined
20230301	22:34:46	2476df9e-a2c5-4bd2-8636-badd39ee85c1	PATCH	/word/63ff854e544a1797ef62f92a	undefined
20230301	22:35:48	98158151-1756-4f15-a2ac-a9c9bdaa79b5	PATCH	/word/63ff854e544a1797ef62f92a	undefined
20230301	22:37:57	8c765c19-8006-48e1-9438-39090876bc11	PATCH	/word/63ff854e544a1797ef62f92a	undefined
20230301	22:38:04	85d5ae44-c32f-4bb6-84e8-c9a6af25c81e	GET	/word/63ff854e544a1797ef62f92a	undefined
20230301	22:38:39	d8888b7d-1c67-411b-a0b9-1425de61b1df	PATCH	/word/63ff854e544a1797ef62f92a	undefined
20230301	22:39:00	f72ee5dc-7fb2-4b3f-8c00-17015caca305	PATCH	/word/63ff854e544a1797ef62f92a	undefined
20230301	22:39:10	c4e53f85-94da-41e6-a038-d43932b66701	PATCH	/word/63ff854e544a1797ef62f92a	undefined
20230301	22:39:12	fd889d9e-40df-44c3-a698-5475e4255b92	PATCH	/word/63ff854e544a1797ef62f92a	undefined
20230301	22:39:33	740ef0e4-aedd-46d0-96e5-6c8678a3f195	DELETE	/word/63ff854e544a1797ef62f92a	undefined
20230301	22:45:00	274925c5-81ac-4f8a-85da-796342d83041	GET	/language/63ff3039858f3479d3ffb1ec	undefined
20230301	22:46:26	160dd05d-dd70-46ef-9440-2b39ce4eef2c	GET	/language/63ff3039858f3479d3ffb1ec/words	undefined
20230301	22:46:32	9fff50c6-7405-488d-9458-3cd8bbc53962	GET	/language	undefined
20230301	22:46:42	6ab0b54f-d068-4572-9b03-3eaf43c6e6c2	GET	/language/63ea6c00b5486b53ba9f588a/words	undefined
20230302	14:07:29	bb00ba81-a8ad-4ae5-a0bc-22889302b785	POST	/sentence	undefined
20230302	14:08:15	ed6eadad-570a-4551-be18-1b0061d6e241	POST	/sentence	undefined
20230302	14:08:24	ccdd7d34-b491-4e0b-84c1-2a81d241dbd4	GET	/sentence	undefined
20230302	14:08:53	5fbb0395-e852-4356-8ba9-5d9afd59739c	POST	/sentence	undefined
20230302	14:08:58	d2b772d9-c4be-4897-b98c-96b42b52ff17	GET	/sentence	undefined
20230302	14:09:44	cd694ca9-ae37-4866-b70e-ee84225a67ee	PATCH	/sentence/6400609d0b461ceb25eea086	undefined
20230302	14:10:25	732d23df-dcd9-4d25-84a5-b33c575372e1	POST	/sentence	undefined
20230302	14:11:15	b8f70570-59b7-40aa-ba47-e9a7310b05ff	GET	/sentence	undefined
20230302	14:11:54	fc8ca9b3-13f6-421a-bd5b-92005512386b	PATCH	/sentence/640060770b461ceb25eea082	undefined
20230302	14:12:55	bb96b5ce-7286-4114-be5d-180e6dfa1e77	DELETE	/sentence/640060fa4d419cf34b80e309	undefined
20230302	14:13:09	aa21d187-a3a0-4bd4-bc06-320a15e6d1f2	GET	/sentence	undefined
20230302	14:14:05	1075c117-8502-498d-b61c-4d5b1cec53f4	GET	/sentence	undefined
20230302	14:14:14	ed0ab90a-c65f-42d8-a162-40f5de49d493	DELETE	/sentence/640060fa4d419cf34b80e309	undefined
20230302	14:14:26	bf5ed2bb-16cc-4d2b-84a1-9e044e0ac1a2	GET	/sentence/640060fa4d419cf34b80e309	undefined
20230302	14:14:31	6e8f13db-a4c2-441c-89c0-97ea44aeaf52	GET	/sentence	undefined
20230302	14:14:44	b3112b01-99cd-45f8-9b99-d9dad712315c	GET	/sentence/6400609d0b461ceb25eea086	undefined
20230302	14:16:27	42bf6ec9-ffbb-4d29-adee-073109153702	GET	/sentence/6400609d0b461ceb25eea086	undefined
20230302	14:21:39	a6805376-e1b6-409a-a2f3-2f515aeb7c01	PATCH	/word/63ff854e544a1797ef62f92a	undefined
20230302	14:21:47	910b20ae-bcbd-4792-984d-e84041bc54f8	GET	/word/63ff854e544a1797ef62f92a	undefined
20230302	14:21:50	39fe3cae-7d4b-4e61-8b5e-19f681918686	PATCH	/word/63ea6de5192918d486d55e46	undefined
20230302	14:22:08	1c497e3d-24a6-4201-b9b4-eefec8d3bd00	GET	/word	undefined
20230302	14:22:24	fdd59c58-f54d-4152-83aa-e842db4f2f06	GET	/word/63ff856a544a1797ef62f92d	undefined
20230302	14:22:34	b5761b6c-bbd3-4ed5-9922-a8e190e6260a	PATCH	/word/63ff856a544a1797ef62f92d	undefined
20230302	15:42:18	89f1b07b-8774-43a8-9ca9-7dce1294ba8d	GET	/language/63ea6c00b5486b53ba9f588a/sentences	undefined
20230302	15:42:40	d02e04e3-bc9d-42c9-bff4-38cd41621101	GET	/language/63ea6c00b5486b53ba9f588a/sentences	undefined
20230302	15:52:26	44d35de6-c335-4ce5-b226-197b1930efeb	GET	/language/63ea6c00b5486b53ba9f588a/sentences	undefined
20230302	15:52:36	cbc05594-1d69-47f9-9f07-c46f0b8a1036	GET	/language/63ea6c00b5486b53ba9f588a/words	undefined
20230302	15:52:43	0c28daa8-279a-4ce4-b780-4704b23ef74c	GET	/sentence	undefined
20230302	15:52:53	0daf34c5-67a8-40c3-96a9-ebe27ed8d8a3	DELETE	/language/63ea6c00b5486b53ba9f588a/words	undefined
20230302	15:53:46	2ed3cdeb-7fc8-4a61-8698-0aa20b379e7e	DELETE	/language/63ea6c00b5486b53ba9f588a/sentences	undefined
20230302	15:53:54	04ec05d1-58ba-4d6f-bb69-ee6b492f4743	GET	/language/63ea6c00b5486b53ba9f588a/sentences	undefined
20230302	15:56:24	958e724b-76f7-4ca9-9779-7632a783d784	GET	/language/63ea6c00b5486b53ba9f588a/sentences	undefined
20230302	15:56:33	c23e6503-2e42-42f6-85fa-bf3af631f2fb	GET	/language/63ea6c00b5486b53ba9f588a/words	undefined
20230302	15:56:47	674f89db-0de1-448b-99d8-acdad67bdc90	POST	/sentence	undefined
20230302	15:56:50	8b36497b-c453-4a27-a376-fbb8ac92a4f4	GET	/language/63ea6c00b5486b53ba9f588a/sentences	undefined
20230302	15:56:55	be30e5f4-63db-4241-8690-430bc5023b11	DELETE	/language/63ea6c00b5486b53ba9f588a/sentences	undefined
20230302	15:56:58	27393b36-53e0-4831-b2ee-6a195a06dfb8	GET	/sentence	undefined
20230302	15:57:01	35677425-078f-4dcf-904d-748cfd6d5463	POST	/sentence	undefined
20230302	15:57:04	fdc5833f-ce99-4e5b-88d5-c04586d80797	GET	/sentence	undefined
20230302	15:57:07	0ac79f6d-1e97-49cc-b503-46a3067c00b5	GET	/sentence/6400609d0b461ceb25eea086	undefined
20230302	15:57:19	b02eb779-4e71-4dc3-bb67-0d8371a731ec	GET	/sentence/640079f574a9c3dd30d83c41	undefined
20230302	15:57:32	4c774b74-ef0c-42ce-9402-971198c0aae5	PATCH	/sentence/640079f574a9c3dd30d83c41	undefined
20230302	15:57:46	35d6302e-b77f-4cc8-9d38-0e3dfb397556	DELETE	/sentence/640079f574a9c3dd30d83c41	undefined
20230302	15:57:49	8b4bb84f-4c2f-42d9-b840-81849e879fa4	GET	/sentence	undefined
20230302	15:57:53	04186b60-3d5b-45dd-b34e-8f0d8062c071	POST	/sentence	undefined
20230309	20:25:30	bbed5a39-d80d-480f-bb0a-5313d7fe4311	GET	/word	undefined
20230309	20:25:35	024a8d08-4537-48e1-8eeb-81ad20855c6c	POST	/word	undefined
